TN:
SF:script/Deploy.s.sol
FN:53,DeployOptimismGoerli.run
FNDA:0,DeployOptimismGoerli.run
DA:54,0
DA:55,0
DA:57,0
DA:65,0
FN:12,Setup.deploySystem
FNDA:0,Setup.deploySystem
DA:19,0
FN:33,DeployOptimism.run
FNDA:0,DeployOptimism.run
DA:34,0
DA:35,0
DA:37,0
DA:45,0
FNF:3
FNH:0
LF:9
LH:0
BRF:0
BRH:0
end_of_record
TN:
SF:src/Engine.sol
FN:87,Engine.createAccount
FNDA:1,Engine.createAccount
DA:88,1
DA:90,1
FN:104,Engine.getAccountStats
FNDA:2560,Engine.getAccountStats
DA:109,2560
FN:117,Engine._updateAccountStats
FNDA:2562,Engine._updateAccountStats
DA:122,2562
DA:124,2562
DA:125,2562
DA:126,2562
FN:134,Engine.isAccountOwner
FNDA:2,Engine.isAccountOwner
DA:140,10
FN:144,Engine.isAccountDelegate
FNDA:2,Engine.isAccountDelegate
DA:150,3
FN:160,Engine.modifyCollateral
FNDA:14,Engine.modifyCollateral
DA:165,14
DA:167,14
BRDA:167,0,0,10
BRDA:167,0,1,4
DA:168,10
DA:170,4
BRDA:170,1,0,-
BRDA:170,1,1,4
DA:171,4
FN:175,Engine._depositCollateral
FNDA:10,Engine._depositCollateral
DA:182,10
DA:184,10
DA:186,10
FN:189,Engine._withdrawCollateral
FNDA:4,Engine._withdrawCollateral
DA:195,4
DA:198,4
FN:204,Engine._getSynthAddress
FNDA:14,Engine._getSynthAddress
DA:210,14
FN:220,Engine.commitOrder
FNDA:2,Engine.commitOrder
DA:229,2
DA:230,0
BRDA:228,2,0,2
BRDA:228,2,1,-
DA:232,2
DA:240,0
FN:244,Engine._commitOrder
FNDA:2,Engine._commitOrder
DA:251,2
DA:263,2
FN:271,Engine.execute
FNDA:0,Engine.execute
DA:274,0
DA:276,0
DA:277,0
DA:279,0
BRDA:279,3,0,-
BRDA:279,3,1,-
DA:282,0
DA:284,0
DA:291,0
FN:301,Engine.canExecute
FNDA:0,Engine.canExecute
DA:305,0
DA:309,0
DA:311,0
DA:314,0
BRDA:314,4,0,-
BRDA:314,4,1,-
DA:317,0
BRDA:317,5,0,-
BRDA:317,5,1,-
DA:320,0
BRDA:320,6,0,-
BRDA:320,6,1,-
DA:323,0
BRDA:323,7,0,-
BRDA:323,7,1,-
DA:326,0
BRDA:326,8,0,-
BRDA:326,8,1,-
DA:330,0
BRDA:330,9,0,-
BRDA:330,9,1,-
DA:336,0
DA:337,0
DA:341,0
DA:342,0
BRDA:340,10,0,-
BRDA:340,10,1,-
DA:344,0
DA:347,0
FN:355,Engine.verifySigner
FNDA:2,Engine.verifySigner
DA:361,2
DA:362,1
BRDA:360,11,0,1
BRDA:360,11,1,1
DA:364,1
DA:367,1
FN:371,Engine.verifySignature
FNDA:2,Engine.verifySignature
DA:375,2
DA:379,2
FN:383,Engine.verifyConditions
FNDA:2,Engine.verifyConditions
DA:387,2
DA:388,2
DA:389,2
DA:390,2
DA:391,2
BRDA:391,12,0,1
BRDA:391,12,1,1
DA:394,1
FN:402,Engine.isTimestampAfter
FNDA:2,Engine.isTimestampAfter
DA:403,2
FN:407,Engine.isTimestampBefore
FNDA:0,Engine.isTimestampBefore
DA:408,0
FN:412,Engine.isPriceAbove
FNDA:0,Engine.isPriceAbove
DA:413,0
FN:417,Engine.isPriceBelow
FNDA:0,Engine.isPriceBelow
DA:418,0
FN:422,Engine.isMarketPaused
FNDA:0,Engine.isMarketPaused
DA:423,0
FN:427,Engine.isMarketClosed
FNDA:0,Engine.isMarketClosed
DA:428,0
FNF:22
FNH:15
LF:66
LH:37
BRF:26
BRH:8
end_of_record
TN:
SF:src/libraries/ConditionalOrderHash.sol
FN:19,ConditionalOrderHash.hash
FNDA:0,ConditionalOrderHash.hash
DA:24,0
FN:37,ConditionalOrderHash.hash
FNDA:0,ConditionalOrderHash.hash
DA:42,0
DA:43,0
FNF:2
FNH:0
LF:3
LH:0
BRF:0
BRH:0
end_of_record
TN:
SF:src/libraries/Int128Lib.sol
FN:9,Int128Lib.abs
FNDA:0,Int128Lib.abs
DA:23,0
FNF:1
FNH:0
LF:1
LH:0
BRF:0
BRH:0
end_of_record
TN:
SF:src/libraries/Int256Lib.sol
FN:9,Int256Lib.abs
FNDA:0,Int256Lib.abs
DA:23,0
FNF:1
FNH:0
LF:1
LH:0
BRF:0
BRH:0
end_of_record
TN:
SF:src/libraries/SignatureCheckerLib.sol
FN:22,SignatureCheckerLib.isValidSignatureNowCalldata
FNDA:0,SignatureCheckerLib.isValidSignatureNowCalldata
FNF:1
FNH:0
LF:0
LH:0
BRF:0
BRH:0
end_of_record
TN:
SF:src/utils/EIP712.sol
FN:69,EIP712._domainNameAndVersion
FNDA:0,EIP712._domainNameAndVersion
DA:74,0
DA:75,0
FN:80,EIP712.DOMAIN_SEPARATOR
FNDA:2,EIP712.DOMAIN_SEPARATOR
DA:81,2
DA:82,2
BRDA:82,0,0,-
BRDA:82,0,1,2
DA:83,0
FN:100,EIP712._hashTypedData
FNDA:2,EIP712._hashTypedData
DA:105,2
DA:106,2
BRDA:106,1,0,-
BRDA:106,1,1,2
DA:107,0
DA:115,2
FN:127,EIP712.eip712Domain
FNDA:0,EIP712.eip712Domain
DA:140,0
DA:141,0
DA:142,0
DA:143,0
DA:144,0
DA:145,0
FN:153,EIP712._buildDomainSeparator
FNDA:0,EIP712._buildDomainSeparator
DA:154,0
DA:155,0
DA:164,0
FN:169,EIP712._cachedDomainSeparatorInvalidated
FNDA:4,EIP712._cachedDomainSeparatorInvalidated
DA:174,4
DA:175,4
DA:178,4
FNF:6
FNH:3
LF:21
LH:8
BRF:4
BRH:2
end_of_record
TN:
SF:src/utils/ERC721Receivable.sol
FN:7,ERC721Receivable.onERC721Received
FNDA:1,ERC721Receivable.onERC721Received
DA:12,1
FNF:1
FNH:1
LF:1
LH:1
BRF:0
BRH:0
end_of_record
TN:
SF:src/utils/Multicallable.sol
FN:19,Multicallable.multicall
FNDA:1,Multicallable.multicall
DA:28,1
BRDA:28,0,0,-
DA:38,1
FNF:1
FNH:1
LF:2
LH:2
BRF:1
BRH:0
end_of_record
TN:
SF:src/utils/Ownable.sol
FN:73,Ownable._initializeOwner
FNDA:0,Ownable._initializeOwner
DA:77,0
FN:86,Ownable._setOwner
FNDA:0,Ownable._setOwner
DA:91,0
FN:106,Ownable._checkOwner
FNDA:0,Ownable._checkOwner
DA:110,0
BRDA:110,0,0,-
FN:122,Ownable.transferOwnership
FNDA:0,Ownable.transferOwnership
DA:130,0
BRDA:130,1,0,-
DA:135,0
FN:139,Ownable.renounceOwnership
FNDA:0,Ownable.renounceOwnership
DA:140,0
FN:148,Ownable.owner
FNDA:0,Ownable.owner
DA:151,0
FNF:6
FNH:0
LF:7
LH:0
BRF:2
BRH:0
end_of_record
TN:
SF:test/unit/AccountCreation.t.sol
FN:7,AccountCreationTest.setUp
FNDA:0,AccountCreationTest.setUp
DA:8,0
DA:9,0
FNF:1
FNH:0
LF:2
LH:0
BRF:0
BRH:0
end_of_record
TN:
SF:test/unit/AsyncOrder.t.sol
FN:7,AsyncOrderTest.setUp
FNDA:0,AsyncOrderTest.setUp
DA:8,0
DA:9,0
FNF:1
FNH:0
LF:2
LH:0
BRF:0
BRH:0
end_of_record
TN:
SF:test/unit/Authentication.t.sol
FN:7,AuthenticationTest.setUp
FNDA:0,AuthenticationTest.setUp
DA:8,0
DA:9,0
FNF:1
FNH:0
LF:2
LH:0
BRF:0
BRH:0
end_of_record
TN:
SF:test/unit/Collateral.t.sol
FN:7,CollateralTest.setUp
FNDA:0,CollateralTest.setUp
DA:8,0
DA:9,0
FNF:1
FNH:0
LF:2
LH:0
BRF:0
BRH:0
end_of_record
TN:
SF:test/unit/ConditionalOrder.t.sol
FN:15,ConditionalOrderTest.setUp
FNDA:0,ConditionalOrderTest.setUp
DA:16,0
DA:17,0
DA:19,0
DA:20,0
DA:22,0
DA:23,0
DA:25,0
DA:27,0
DA:28,0
DA:29,0
DA:34,0
FNF:1
FNH:0
LF:11
LH:0
BRF:0
BRH:0
end_of_record
TN:
SF:test/unit/Stats.t.sol
FN:8,StatsTest.setUp
FNDA:0,StatsTest.setUp
DA:9,0
DA:10,0
FNF:1
FNH:0
LF:2
LH:0
BRF:0
BRH:0
end_of_record
TN:
SF:test/utils/Bootstrap.sol
FN:133,BootstrapOptimismGoerli.init
FNDA:0,BootstrapOptimismGoerli.init
DA:137,0
DA:145,0
DA:153,0
FN:100,BootstrapOptimism.init
FNDA:0,BootstrapOptimism.init
DA:104,0
DA:112,0
DA:120,0
FN:32,Bootstrap.initializeOptimismGoerli
FNDA:0,Bootstrap.initializeOptimismGoerli
DA:33,0
DA:34,0
DA:42,0
DA:44,0
DA:45,0
DA:46,0
DA:47,0
DA:48,0
DA:49,0
DA:50,0
DA:51,0
DA:53,0
DA:54,0
DA:55,0
DA:60,0
DA:62,0
FN:65,Bootstrap.initializeOptimism
FNDA:0,Bootstrap.initializeOptimism
DA:66,0
DA:67,0
DA:75,0
DA:77,0
DA:78,0
DA:79,0
DA:80,0
DA:81,0
DA:82,0
DA:83,0
DA:84,0
DA:86,0
DA:87,0
DA:88,0
DA:93,0
DA:95,0
FNF:4
FNH:0
LF:38
LH:0
BRF:0
BRH:0
end_of_record
TN:
SF:test/utils/ConditionalOrderSignature.sol
FN:21,ConditionalOrderSignature.getConditionalOrderSignatureRaw
FNDA:0,ConditionalOrderSignature.getConditionalOrderSignatureRaw
DA:26,0
DA:37,0
DA:49,0
DA:53,0
FN:56,ConditionalOrderSignature.getConditionalOrderSignature
FNDA:0,ConditionalOrderSignature.getConditionalOrderSignature
DA:61,0
DA:62,0
DA:63,0
FNF:2
FNH:0
LF:7
LH:0
BRF:0
BRH:0
end_of_record
TN:
SF:test/utils/Conditions.sol
FN:7,Conditions.isTimestampAfter
FNDA:0,Conditions.isTimestampAfter
DA:12,0
DA:13,0
FN:16,Conditions.isTimestampBefore
FNDA:0,Conditions.isTimestampBefore
DA:21,0
DA:22,0
FNF:2
FNH:0
LF:4
LH:0
BRF:0
BRH:0
end_of_record
TN:
SF:test/utils/SUSDHelper.sol
FN:14,SUSDHelper.mint
FNDA:0,SUSDHelper.mint
DA:15,0
FNF:1
FNH:0
LF:1
LH:0
BRF:0
BRH:0
end_of_record
TN:
SF:test/utils/exposed/EngineExposed.sol
FN:23,EngineExposed.updateAccountStats
FNDA:2560,EngineExposed.updateAccountStats
DA:26,2560
FN:29,EngineExposed.getSynthAddress
FNDA:0,EngineExposed.getSynthAddress
DA:34,0
FNF:2
FNH:1
LF:2
LH:1
BRF:0
BRH:0
end_of_record
