TN:
SF:script/Deploy.s.sol
FN:52,DeployOptimismGoerli.run
FNDA:0,DeployOptimismGoerli.run
DA:53,0
DA:54,0
DA:56,0
DA:63,0
FN:14,Setup.deploySystem
FNDA:0,Setup.deploySystem
DA:20,0
FN:33,DeployOptimism.run
FNDA:0,DeployOptimism.run
DA:34,0
DA:35,0
DA:37,0
DA:44,0
FNF:3
FNH:0
LF:9
LH:0
BRF:0
BRH:0
end_of_record
TN:
SF:src/Engine.sol
FN:111,Engine.isAccountOwner
FNDA:3,Engine.isAccountOwner
DA:117,39
FN:121,Engine.isAccountDelegate
FNDA:3,Engine.isAccountDelegate
DA:127,6
FN:132,Engine._isAccountOwnerOrDelegate
FNDA:29,Engine._isAccountOwnerOrDelegate
DA:137,29
DA:138,3
FN:146,Engine.invalidateUnorderedNonces
FNDA:4,Engine.invalidateUnorderedNonces
DA:151,4
BRDA:151,0,0,4
BRDA:151,0,1,-
DA:152,4
DA:154,4
DA:156,0
FN:161,Engine.hasUnorderedNonceBeenUsed
FNDA:4,Engine.hasUnorderedNonceBeenUsed
DA:166,25
DA:167,25
DA:168,25
FN:178,Engine._bitmapPositions
FNDA:40,Engine._bitmapPositions
DA:183,40
DA:184,40
FN:190,Engine._useUnorderedNonce
FNDA:15,Engine._useUnorderedNonce
DA:191,15
DA:192,15
DA:193,15
DA:195,15
BRDA:195,1,0,-
BRDA:195,1,1,15
FN:203,Engine.modifyCollateral
FNDA:19,Engine.modifyCollateral
DA:208,19
DA:210,19
BRDA:210,2,0,12
BRDA:210,2,1,7
DA:211,12
DA:215,7
BRDA:215,3,0,-
BRDA:215,3,1,7
DA:216,7
FN:222,Engine._depositCollateral
FNDA:12,Engine._depositCollateral
DA:230,12
DA:232,11
DA:234,11
FN:237,Engine._withdrawCollateral
FNDA:20,Engine._withdrawCollateral
DA:244,20
DA:247,17
FN:253,Engine._getSynthAddress
FNDA:19,Engine._getSynthAddress
DA:258,19
FN:268,Engine.commitOrder
FNDA:4,Engine.commitOrder
DA:282,4
BRDA:282,4,0,4
BRDA:282,4,1,-
DA:283,4
DA:293,0
FN:297,Engine._commitOrder
FNDA:16,Engine._commitOrder
DA:306,16
FN:324,Engine.execute
FNDA:16,Engine.execute
DA:337,16
BRDA:337,5,0,1
BRDA:337,5,1,15
DA:340,15
DA:344,15
DA:347,15
BRDA:347,6,0,2
BRDA:347,6,1,3
DA:348,5
DA:353,5
BRDA:353,7,0,1
BRDA:353,7,1,4
DA:354,1
DA:358,4
BRDA:358,8,0,1
BRDA:358,8,1,3
DA:359,1
DA:365,3
BRDA:365,9,0,2
BRDA:365,9,1,3
DA:375,2
DA:381,13
DA:387,13
DA:390,13
BRDA:390,10,0,6
BRDA:390,10,1,7
DA:391,6
DA:392,7
BRDA:392,11,0,2
BRDA:392,11,1,7
DA:393,2
DA:397,13
DA:406,12
FN:418,Engine.canExecute
FNDA:5,Engine.canExecute
DA:423,21
BRDA:423,12,0,2
BRDA:423,12,1,19
DA:424,2
DA:428,19
BRDA:428,13,0,1
BRDA:428,13,1,18
DA:431,18
BRDA:431,14,0,-
BRDA:431,14,1,18
DA:434,18
BRDA:434,15,0,-
BRDA:434,15,1,-
DA:437,0
BRDA:437,16,0,-
BRDA:437,16,1,-
DA:441,18
BRDA:441,17,0,1
BRDA:441,17,1,17
DA:444,17
FN:452,Engine.verifySigner
FNDA:2,Engine.verifySigner
DA:458,21
FN:462,Engine.verifySignature
FNDA:2,Engine.verifySignature
DA:466,20
FN:472,Engine.verifyConditions
FNDA:6,Engine.verifyConditions
DA:478,6
DA:479,6
BRDA:479,18,0,1
BRDA:479,18,1,5
DA:480,5
DA:481,15
DA:482,15
DA:485,15
DA:487,15
BRDA:487,19,0,3
BRDA:487,19,1,12
DA:490,12
DA:494,2
FN:502,Engine.isTimestampAfter
FNDA:5,Engine.isTimestampAfter
DA:508,5
FN:512,Engine.isTimestampBefore
FNDA:5,Engine.isTimestampBefore
DA:518,5
FN:522,Engine.isPriceAbove
FNDA:6,Engine.isPriceAbove
DA:527,6
DA:532,6
FN:536,Engine.isPriceBelow
FNDA:6,Engine.isPriceBelow
DA:541,6
DA:546,6
FN:550,Engine.isMarketOpen
FNDA:3,Engine.isMarketOpen
DA:556,3
FN:560,Engine.isPositionSizeAbove
FNDA:4,Engine.isPositionSizeAbove
DA:565,4
DA:566,4
DA:568,4
FN:572,Engine.isPositionSizeBelow
FNDA:4,Engine.isPositionSizeBelow
DA:577,4
DA:578,4
DA:580,4
FN:584,Engine.isOrderFeeBelow
FNDA:4,Engine.isOrderFeeBelow
DA:590,4
DA:595,4
FNF:26
FNH:26
LF:85
LH:82
BRF:40
BRH:31
end_of_record
TN:
SF:src/libraries/ConditionalOrderHashLib.sol
FN:23,ConditionalOrderHashLib.hash
FNDA:0,ConditionalOrderHashLib.hash
DA:28,0
FN:46,ConditionalOrderHashLib.hash
FNDA:0,ConditionalOrderHashLib.hash
DA:51,0
DA:52,0
FNF:2
FNH:0
LF:3
LH:0
BRF:0
BRH:0
end_of_record
TN:
SF:src/libraries/MathLib.sol
FN:12,MathLib.abs128
FNDA:0,MathLib.abs128
DA:23,0
FN:30,MathLib.abs256
FNDA:0,MathLib.abs256
DA:44,0
FN:52,MathLib.castU128
FNDA:0,MathLib.castU128
DA:53,0
BRDA:53,0,0,-
BRDA:53,0,1,-
DA:54,0
DA:56,0
FN:64,MathLib.isSameSign
FNDA:0,MathLib.isSameSign
DA:65,0
BRDA:65,1,0,-
BRDA:65,1,1,-
DA:66,0
FNF:4
FNH:0
LF:7
LH:0
BRF:4
BRH:0
end_of_record
TN:
SF:src/libraries/SignatureCheckerLib.sol
FN:22,SignatureCheckerLib.isValidSignatureNowCalldata
FNDA:0,SignatureCheckerLib.isValidSignatureNowCalldata
FNF:1
FNH:0
LF:0
LH:0
BRF:0
BRH:0
end_of_record
TN:
SF:src/utils/EIP712.sol
FN:69,EIP712._domainNameAndVersion
FNDA:0,EIP712._domainNameAndVersion
DA:74,0
DA:75,0
FN:80,EIP712.DOMAIN_SEPARATOR
FNDA:21,EIP712.DOMAIN_SEPARATOR
DA:81,21
DA:82,21
BRDA:82,0,0,-
BRDA:82,0,1,21
DA:83,0
FN:100,EIP712._hashTypedData
FNDA:20,EIP712._hashTypedData
DA:105,20
DA:106,20
BRDA:106,1,0,-
BRDA:106,1,1,20
DA:107,0
DA:115,20
FN:127,EIP712.eip712Domain
FNDA:0,EIP712.eip712Domain
DA:140,0
DA:141,0
DA:142,0
DA:143,0
DA:144,0
DA:145,0
FN:153,EIP712._buildDomainSeparator
FNDA:0,EIP712._buildDomainSeparator
DA:154,0
DA:155,0
DA:164,0
FN:169,EIP712._cachedDomainSeparatorInvalidated
FNDA:41,EIP712._cachedDomainSeparatorInvalidated
DA:174,41
DA:175,41
DA:178,41
FNF:6
FNH:3
LF:21
LH:8
BRF:4
BRH:2
end_of_record
TN:
SF:src/utils/Multicallable.sol
FN:19,Multicallable.multicall
FNDA:1,Multicallable.multicall
DA:24,1
BRDA:24,0,0,-
DA:34,1
FNF:1
FNH:1
LF:2
LH:2
BRF:1
BRH:0
end_of_record
TN:
SF:test/AsyncOrder.t.sol
FN:9,AsyncOrderTest.setUp
FNDA:0,AsyncOrderTest.setUp
DA:10,0
DA:11,0
DA:13,0
DA:15,0
DA:17,0
DA:23,0
FNF:1
FNH:0
LF:6
LH:0
BRF:0
BRH:0
end_of_record
TN:
SF:test/Authentication.t.sol
FN:7,AuthenticationTest.setUp
FNDA:0,AuthenticationTest.setUp
DA:8,0
DA:9,0
FNF:1
FNH:0
LF:2
LH:0
BRF:0
BRH:0
end_of_record
TN:
SF:test/Collateral.t.sol
FN:7,CollateralTest.setUp
FNDA:0,CollateralTest.setUp
DA:8,0
DA:9,0
FNF:1
FNH:0
LF:2
LH:0
BRF:0
BRH:0
end_of_record
TN:
SF:test/ConditionalOrder.t.sol
FN:22,ConditionalOrderTest.setUp
FNDA:0,ConditionalOrderTest.setUp
DA:23,0
DA:24,0
DA:26,0
DA:27,0
DA:29,0
DA:30,0
DA:32,0
DA:34,0
DA:36,0
DA:38,0
DA:44,0
DA:46,0
DA:52,0
FNF:1
FNH:0
LF:13
LH:0
BRF:0
BRH:0
end_of_record
TN:
SF:test/utils/Bootstrap.sol
FN:102,BootstrapOptimism.init
FNDA:0,BootstrapOptimism.init
DA:106,0
DA:113,0
DA:120,0
FN:132,BootstrapOptimismGoerli.init
FNDA:0,BootstrapOptimismGoerli.init
DA:136,0
DA:143,0
DA:150,0
FN:36,Bootstrap.initializeOptimismGoerli
FNDA:0,Bootstrap.initializeOptimismGoerli
DA:37,0
DA:38,0
DA:45,0
DA:47,0
DA:48,0
DA:49,0
DA:50,0
DA:51,0
DA:52,0
DA:53,0
DA:54,0
DA:56,0
DA:57,0
DA:58,0
DA:63,0
DA:65,0
FN:68,Bootstrap.initializeOptimism
FNDA:0,Bootstrap.initializeOptimism
DA:69,0
DA:70,0
DA:77,0
DA:79,0
DA:80,0
DA:81,0
DA:82,0
DA:83,0
DA:84,0
DA:85,0
DA:86,0
DA:88,0
DA:89,0
DA:90,0
DA:95,0
DA:97,0
FNF:4
FNH:0
LF:38
LH:0
BRF:0
BRH:0
end_of_record
TN:
SF:test/utils/ConditionalOrderSignature.sol
FN:21,ConditionalOrderSignature.getConditionalOrderSignatureRaw
FNDA:0,ConditionalOrderSignature.getConditionalOrderSignatureRaw
DA:26,0
DA:40,0
DA:52,0
DA:56,0
FN:59,ConditionalOrderSignature.getConditionalOrderSignature
FNDA:0,ConditionalOrderSignature.getConditionalOrderSignature
DA:64,0
DA:65,0
DA:66,0
FNF:2
FNH:0
LF:7
LH:0
BRF:0
BRH:0
end_of_record
TN:
SF:test/utils/Conditions.sol
FN:7,Conditions.isTimestampAfter
FNDA:0,Conditions.isTimestampAfter
DA:12,0
DA:13,0
FN:16,Conditions.isTimestampBefore
FNDA:0,Conditions.isTimestampBefore
DA:21,0
DA:22,0
FN:25,Conditions.isPriceAbove
FNDA:0,Conditions.isPriceAbove
DA:30,0
FN:35,Conditions.isPriceBelow
FNDA:0,Conditions.isPriceBelow
DA:40,0
FN:45,Conditions.isMarketOpen
FNDA:0,Conditions.isMarketOpen
DA:50,0
FN:53,Conditions.isPositionSizeAbove
FNDA:0,Conditions.isPositionSizeAbove
DA:58,0
FN:63,Conditions.isPositionSizeBelow
FNDA:0,Conditions.isPositionSizeBelow
DA:68,0
FN:73,Conditions.isOrderFeeBelow
FNDA:0,Conditions.isOrderFeeBelow
DA:78,0
FNF:8
FNH:0
LF:10
LH:0
BRF:0
BRH:0
end_of_record
TN:
SF:test/utils/SynthMinter.sol
FN:22,SynthMinter.mint_sUSD
FNDA:0,SynthMinter.mint_sUSD
DA:23,0
FNF:1
FNH:0
LF:1
LH:0
BRF:0
BRH:0
end_of_record
TN:
SF:test/utils/analysis/ConditionalOrderFees.sol
FN:7,ConditionalOrderTest.setUp
FNDA:0,ConditionalOrderTest.setUp
DA:8,0
DA:9,0
FN:12,ConditionalOrderTest.plot_chart
FNDA:0,ConditionalOrderTest.plot_chart
DA:13,0
DA:14,0
DA:15,0
DA:20,0
DA:21,0
DA:23,0
BRDA:23,0,0,-
BRDA:23,0,1,-
DA:24,0
DA:25,0
BRDA:25,1,0,-
BRDA:25,1,1,-
DA:26,0
DA:28,0
FNF:2
FNH:0
LF:12
LH:0
BRF:4
BRH:0
end_of_record
TN:
SF:test/utils/exposed/EngineExposed.sol
FN:16,EngineExposed.getSynthAddress
FNDA:0,EngineExposed.getSynthAddress
DA:21,0
FNF:1
FNH:0
LF:1
LH:0
BRF:0
BRH:0
end_of_record
TN:
SF:test/utils/mocks/PythMock.sol
FN:8,PythMock.mock_pyth_getPrice
FNDA:0,PythMock.mock_pyth_getPrice
DA:15,0
FNF:1
FNH:0
LF:1
LH:0
BRF:0
BRH:0
end_of_record
TN:
SF:test/utils/mocks/SynthetixMock.sol
FN:8,SynthetixMock.mock_computeOrderFees
FNDA:0,SynthetixMock.mock_computeOrderFees
DA:15,0
FN:24,SynthetixMock.mock_getOpenPosition
FNDA:0,SynthetixMock.mock_getOpenPosition
DA:30,0
FN:39,SynthetixMock.mock_getMaxMarketSize
FNDA:0,SynthetixMock.mock_getMaxMarketSize
DA:44,0
FNF:3
FNH:0
LF:3
LH:0
BRF:0
BRH:0
end_of_record
